Using pre-set license
Built from '2020.3/staging' branch; Version is '2020.3.13f1 (71691879b7f5) revision 7432472'; Using compiler version '192528614'; Build Type 'Release'
OS: 'Windows 10 Home Single Language; OS build 19042.1083; Version 2009; 64bit' Language: 'pt' Physical Memory: 3983 MB
BatchMode: 1, IsHumanControllingUs: 0, StartBugReporterOnCrash: 0, Is64bit: 1, IsPro: 0

 COMMAND LINE ARGUMENTS:
C:\Program Files\Unity\Hub\Editor\2020.3.13f1\Editor\Unity.exe
-adb2
-batchMode
-noUpm
-name
AssetImportWorker11
-projectPath
C:/Users/luanr/Documents/Unity Games/Space Invaders/Space Invaders V1
-logFile
Logs/AssetImportWorker11.log
-srvPort
57854
Successfully changed project path to: C:/Users/luanr/Documents/Unity Games/Space Invaders/Space Invaders V1
C:/Users/luanr/Documents/Unity Games/Space Invaders/Space Invaders V1
Using Asset Import Pipeline V2.
Refreshing native plugins compatible for Editor in 238.09 ms, found 3 plugins.
Preloading 0 native plugins for Editor in 0.00 ms.
Initialize engine version: 2020.3.13f1 (71691879b7f5)
[Subsystems] Discovering subsystems at path C:/Program Files/Unity/Hub/Editor/2020.3.13f1/Editor/Data/Resources/UnitySubsystems
[Subsystems] Discovering subsystems at path C:/Users/luanr/Documents/Unity Games/Space Invaders/Space Invaders V1/Assets
GfxDevice: creating device client; threaded=0
Direct3D:
    Version:  Direct3D 11.0 [level 11.1]
    Renderer: Intel(R) HD Graphics (ID=0x22b1)
    Vendor:   
    VRAM:     1991 MB
    Driver:   20.19.15.5107
Initialize mono
Mono path[0] = 'C:/Program Files/Unity/Hub/Editor/2020.3.13f1/Editor/Data/Managed'
Mono path[1] = 'C:/Program Files/Unity/Hub/Editor/2020.3.13f1/Editor/Data/MonoBleedingEdge/lib/mono/unityjit'
Mono config path = 'C:/Program Files/Unity/Hub/Editor/2020.3.13f1/Editor/Data/MonoBleedingEdge/etc'
Using monoOptions --debugger-agent=transport=dt_socket,embedding=1,server=y,suspend=n,address=127.0.0.1:56372
Begin MonoManager ReloadAssembly
Registering precompiled unity dll's ...
Register platform support module: C:/Program Files/Unity/Hub/Editor/2020.3.13f1/Editor/Data/PlaybackEngines/WebGLSupport/UnityEditor.WebGL.Extensions.dll
Register platform support module: C:/Program Files/Unity/Hub/Editor/2020.3.13f1/Editor/Data/PlaybackEngines/WindowsStandaloneSupport/UnityEditor.WindowsStandalone.Extensions.dll
Registered in 0.016729 seconds.
Native extension for WindowsStandalone target not found
Native extension for WebGL target not found
Refreshing native plugins compatible for Editor in 195.57 ms, found 3 plugins.
Preloading 0 native plugins for Editor in 0.00 ms.
Mono: successfully reloaded assembly
- Completed reload, in 11.204 seconds
Platform modules already initialized, skipping
Registering precompiled user dll's ...
Registered in 0.039834 seconds.
Begin MonoManager ReloadAssembly
Native extension for WindowsStandalone target not found
Native extension for WebGL target not found
Refreshing native plugins compatible for Editor in 195.26 ms, found 3 plugins.
Preloading 0 native plugins for Editor in 0.00 ms.
Mono: successfully reloaded assembly
- Completed reload, in  5.922 seconds
Platform modules already initialized, skipping
========================================================================
Worker process is ready to serve import requests
Launched and connected shader compiler UnityShaderCompiler.exe after 0.57 seconds
Refreshing native plugins compatible for Editor in 1.66 ms, found 3 plugins.
Preloading 0 native plugins for Editor in 0.00 ms.
Unloading 2084 Unused Serialized files (Serialized files now loaded: 0)
System memory in use before: 93.0 MB.
System memory in use after: 93.0 MB.

Unloading 33 unused Assets to reduce memory usage. Loaded Objects now: 2517.
Total: 126.218800 ms (FindLiveObjects: 0.842700 ms CreateObjectMapping: 0.286200 ms MarkObjects: 117.944400 ms  DeleteObjects: 7.139800 ms)

AssetImportParameters requested are different than current active one (requested -> active):
  custom:framework-win-MediaFoundation: 216162199b28c13a410421893ffa2e32 -> 
  custom:video-decoder-ogg-theora: a1e56fd34408186e4bbccfd4996cb3dc -> 
  custom:container-muxer-webm: aa71ff27fc2769a1b78a27578f13a17b -> 
  custom:container-demuxer-webm: 4f35f7cbe854078d1ac9338744f61a02 -> 
  custom:container-demuxer-ogg: 62fdf1f143b41e24485cea50d1cbac27 -> 
  custom:video-encoder-webm-vp8: eb34c28f22e8b96e1ab97ce403110664 -> 
  custom:video-codec-MediaFoundation-h265: 746d11721c4dcdbdad8f713fa42b33f4 -> 
  custom:video-decoder-webm-vp8: 9c59270c3fd7afecdb556c50c9e8de78 -> 
  custom:audio-decoder-ogg-vorbis: bf7c407c2cedff20999df2af8eb42d56 -> 
  custom:audio-encoder-webm-vorbis: bf7c407c2cedff20999df2af8eb42d56 -> 
========================================================================
Received Import Request.
  path: Assets/Sprits
  artifactKey: Guid(4688bc0a93ae3ed49b8892077708c485) Importer(815301076,1909f56bfc062723c751e8b465ee728b)
Start importing Assets/Sprits using Guid(4688bc0a93ae3ed49b8892077708c485) Importer(815301076,1909f56bfc062723c751e8b465ee728b)  -> (artifact id: '594315f1efda104493282c375b46f36c') in 0.937960 seconds 
  Import took 0.958449 seconds .

========================================================================
Received Import Request.
  Time since last request: 3717.969669 seconds.
  path: Assets/Sprits/Preview.png
  artifactKey: Guid(0fac809c39707e842a501e41d6811de3) Importer(815301076,1909f56bfc062723c751e8b465ee728b)
Start importing Assets/Sprits/Preview.png using Guid(0fac809c39707e842a501e41d6811de3) Importer(815301076,1909f56bfc062723c751e8b465ee728b)  -> (artifact id: '11cba72d832bd7bfaf4ac9a3b4e97350') in 5.354527 seconds 
  Import took 5.619619 seconds .

========================================================================
Received Import Request.
  Time since last request: 0.001055 seconds.
  path: Assets/Sprits/Sample.png
  artifactKey: Guid(03a32731d6de9a54895f61f47d6ecbef) Importer(815301076,1909f56bfc062723c751e8b465ee728b)
Start importing Assets/Sprits/Sample.png using Guid(03a32731d6de9a54895f61f47d6ecbef) Importer(815301076,1909f56bfc062723c751e8b465ee728b)  -> (artifact id: '1167ffe0ec2ff1b3b3163e30f6da66d4') in 0.082678 seconds 
  Import took 0.097390 seconds .

========================================================================
Received Import Request.
  Time since last request: 8.054680 seconds.
  path: Assets/Sprits/Kenney.url
  artifactKey: Guid(bc8c33107da2d514da86f5827cd41451) Importer(815301076,1909f56bfc062723c751e8b465ee728b)
Start importing Assets/Sprits/Kenney.url using Guid(bc8c33107da2d514da86f5827cd41451) Importer(815301076,1909f56bfc062723c751e8b465ee728b)  -> (artifact id: 'a87b172143ce68d41a6ff886e9734bdf') in 0.152861 seconds 
  Import took 0.163045 seconds .

========================================================================
Received Import Request.
  Time since last request: 13.179560 seconds.
  path: Assets/Sprits/Patreon.url
  artifactKey: Guid(efb8c516e0802094c839ec5b6200cc71) Importer(815301076,1909f56bfc062723c751e8b465ee728b)
Start importing Assets/Sprits/Patreon.url using Guid(efb8c516e0802094c839ec5b6200cc71) Importer(815301076,1909f56bfc062723c751e8b465ee728b)  -> (artifact id: '5a79a9a338a40417236d9448121b6cad') in 0.045658 seconds 
  Import took 0.058161 seconds .

========================================================================
Received Import Request.
  Time since last request: 27.080782 seconds.
  path: Assets/Sprits/License.txt
  artifactKey: Guid(2a4d10d7f67fc31498e907585b02edf0) Importer(815301076,1909f56bfc062723c751e8b465ee728b)
Start importing Assets/Sprits/License.txt using Guid(2a4d10d7f67fc31498e907585b02edf0) Importer(815301076,1909f56bfc062723c751e8b465ee728b)  -> (artifact id: 'b50a1923ec12649f6b46e0a03f819005') in 0.110912 seconds 
  Import took 0.182696 seconds .

========================================================================
Received Import Request.
  Time since last request: 0.013753 seconds.
  path: Assets/Sprits/License.txt
  artifactKey: Guid(2a4d10d7f67fc31498e907585b02edf0) Importer(815301076,1909f56bfc062723c751e8b465ee728b)
Start importing Assets/Sprits/License.txt using Guid(2a4d10d7f67fc31498e907585b02edf0) Importer(815301076,1909f56bfc062723c751e8b465ee728b)  -> (artifact id: 'b50a1923ec12649f6b46e0a03f819005') in 0.031436 seconds 
  Import took 0.044959 seconds .

========================================================================
Received Import Request.
  Time since last request: 16.029945 seconds.
  path: Assets/Sprits/Vector
  artifactKey: Guid(ba5bd8c3e0132ba4aa7270dfda7ae7e6) Importer(815301076,1909f56bfc062723c751e8b465ee728b)
Start importing Assets/Sprits/Vector using Guid(ba5bd8c3e0132ba4aa7270dfda7ae7e6) Importer(815301076,1909f56bfc062723c751e8b465ee728b)  -> (artifact id: '85150e9fdfdf7665255ef15ef65594ae') in 0.054723 seconds 
  Import took 0.079252 seconds .

========================================================================
Received Import Request.
  Time since last request: 4.616406 seconds.
  path: Assets/Sprits/Vector/simpleSpace_vector.swf
  artifactKey: Guid(603c82da857500e48a4089b44f5e37ff) Importer(815301076,1909f56bfc062723c751e8b465ee728b)
Start importing Assets/Sprits/Vector/simpleSpace_vector.swf using Guid(603c82da857500e48a4089b44f5e37ff) Importer(815301076,1909f56bfc062723c751e8b465ee728b)  -> (artifact id: 'fd10bf431f2c9c71db1472b552936369') in 0.063635 seconds 
  Import took 0.077869 seconds .

========================================================================
Received Import Request.
  Time since last request: 11.526539 seconds.
  path: Assets/Sprits/Tilesheet
  artifactKey: Guid(2332e72108dd4a742a711c7662d51c4e) Importer(815301076,1909f56bfc062723c751e8b465ee728b)
Start importing Assets/Sprits/Tilesheet using Guid(2332e72108dd4a742a711c7662d51c4e) Importer(815301076,1909f56bfc062723c751e8b465ee728b)  -> (artifact id: '77a95653438a5a1f2350a98f12ec557b') in 0.051110 seconds 
  Import took 0.081415 seconds .

========================================================================
Received Import Request.
  Time since last request: 6.973596 seconds.
  path: Assets/Sprits/Spritesheet
  artifactKey: Guid(2aa60b0fa38ba6349b856479eff0465e) Importer(815301076,1909f56bfc062723c751e8b465ee728b)
Start importing Assets/Sprits/Spritesheet using Guid(2aa60b0fa38ba6349b856479eff0465e) Importer(815301076,1909f56bfc062723c751e8b465ee728b)  -> (artifact id: '12d9adb3187ff12f04353a4c9ae692e6') in 0.069441 seconds 
  Import took 0.104432 seconds .

========================================================================
Received Import Request.
  Time since last request: 0.000831 seconds.
  path: Assets/Sprits/Spritesheet/simpleSpace_sheet@2.png
  artifactKey: Guid(407e159625d41904fb7722779759aa8b) Importer(815301076,1909f56bfc062723c751e8b465ee728b)
Start importing Assets/Sprits/Spritesheet/simpleSpace_sheet@2.png using Guid(407e159625d41904fb7722779759aa8b) Importer(815301076,1909f56bfc062723c751e8b465ee728b)  -> (artifact id: '2b8a1a64c46f6560c680878e61ab6fa7') in 0.141098 seconds 
  Import took 0.172818 seconds .

========================================================================
Received Import Request.
  Time since last request: 0.001075 seconds.
  path: Assets/Sprits/Spritesheet/simpleSpace_sheet.png
  artifactKey: Guid(ed2c88a582524f64185950a68e4d6ff0) Importer(815301076,1909f56bfc062723c751e8b465ee728b)
Start importing Assets/Sprits/Spritesheet/simpleSpace_sheet.png using Guid(ed2c88a582524f64185950a68e4d6ff0) Importer(815301076,1909f56bfc062723c751e8b465ee728b)  -> (artifact id: '3c5d45f26690c6e6249ec91f4f051d02') in 0.113898 seconds 
  Import took 0.166664 seconds .

========================================================================
Received Import Request.
  Time since last request: 9.606400 seconds.
  path: Assets/Sprits/PNG
  artifactKey: Guid(54d4be94617b7df488a15388101c8994) Importer(815301076,1909f56bfc062723c751e8b465ee728b)
Start importing Assets/Sprits/PNG using Guid(54d4be94617b7df488a15388101c8994) Importer(815301076,1909f56bfc062723c751e8b465ee728b)  -> (artifact id: 'ca035fccb0320c285c9563795018f282') in 0.034314 seconds 
  Import took 0.067189 seconds .

========================================================================
Received Import Request.
  Time since last request: 1.502422 seconds.
  path: Assets/Sprits/PNG/Default
  artifactKey: Guid(394d4e34ec6a8bb45ad0d5e5e3bc4f81) Importer(815301076,1909f56bfc062723c751e8b465ee728b)
Start importing Assets/Sprits/PNG/Default using Guid(394d4e34ec6a8bb45ad0d5e5e3bc4f81) Importer(815301076,1909f56bfc062723c751e8b465ee728b)  -> (artifact id: 'cdb6c5c8d12f0f75212cde5cd82bdfe8') in 0.032855 seconds 
  Import took 0.074571 seconds .

========================================================================
Received Import Request.
  Time since last request: 0.109822 seconds.
  path: Assets/Sprits/PNG/Default/effect_purple.png
  artifactKey: Guid(65e0d2b3562ad0d4c9ec6de3bac089aa) Importer(815301076,1909f56bfc062723c751e8b465ee728b)
Start importing Assets/Sprits/PNG/Default/effect_purple.png using Guid(65e0d2b3562ad0d4c9ec6de3bac089aa) Importer(815301076,1909f56bfc062723c751e8b465ee728b)  -> (artifact id: 'aaacc276f7aaa0e9f02b8c2a55381c19') in 0.099885 seconds 
  Import took 0.114192 seconds .

========================================================================
Received Import Request.
  Time since last request: 0.001008 seconds.
  path: Assets/Sprits/PNG/Default/ship_I.png
  artifactKey: Guid(f153d335dfec61a44a5d2caddf274172) Importer(815301076,1909f56bfc062723c751e8b465ee728b)
Start importing Assets/Sprits/PNG/Default/ship_I.png using Guid(f153d335dfec61a44a5d2caddf274172) Importer(815301076,1909f56bfc062723c751e8b465ee728b)  -> (artifact id: '1b2e25d52d8b117ca3efe7d66798dfd0') in 0.097582 seconds 
  Import took 0.133403 seconds .

========================================================================
Received Import Request.
  Time since last request: 0.001198 seconds.
  path: Assets/Sprits/PNG/Default/ship_A.png
  artifactKey: Guid(fe39296256f5fd5428735346f9027019) Importer(815301076,1909f56bfc062723c751e8b465ee728b)
Start importing Assets/Sprits/PNG/Default/ship_A.png using Guid(fe39296256f5fd5428735346f9027019) Importer(815301076,1909f56bfc062723c751e8b465ee728b)  -> (artifact id: '7bc778ff036e2fd12d3cca179c7ec7c2') in 0.074146 seconds 
  Import took 0.118353 seconds .

========================================================================
Received Import Request.
  Time since last request: 0.001023 seconds.
  path: Assets/Sprits/PNG/Default/ship_L.png
  artifactKey: Guid(5496c8fed5d2d5e45b10ddbccccf13eb) Importer(815301076,1909f56bfc062723c751e8b465ee728b)
Start importing Assets/Sprits/PNG/Default/ship_L.png using Guid(5496c8fed5d2d5e45b10ddbccccf13eb) Importer(815301076,1909f56bfc062723c751e8b465ee728b)  -> (artifact id: '39a21d9f1fe0a752cb63d1aa951a29ab') in 0.065769 seconds 
  Import took 0.092414 seconds .

========================================================================
Received Import Request.
  Time since last request: 0.000980 seconds.
  path: Assets/Sprits/PNG/Default/star_tiny.png
  artifactKey: Guid(ea575d71502086f40965a96fcff01a65) Importer(815301076,1909f56bfc062723c751e8b465ee728b)
Start importing Assets/Sprits/PNG/Default/star_tiny.png using Guid(ea575d71502086f40965a96fcff01a65) Importer(815301076,1909f56bfc062723c751e8b465ee728b)  -> (artifact id: '17e1777fa7f6cbb6c2aab8751bc12793') in 0.075072 seconds 
  Import took 0.085837 seconds .

========================================================================
Received Import Request.
  Time since last request: 0.000975 seconds.
  path: Assets/Sprits/PNG/Default/ship_sidesC.png
  artifactKey: Guid(86820ed300ce6064cab442691f6a3122) Importer(815301076,1909f56bfc062723c751e8b465ee728b)
Start importing Assets/Sprits/PNG/Default/ship_sidesC.png using Guid(86820ed300ce6064cab442691f6a3122) Importer(815301076,1909f56bfc062723c751e8b465ee728b)  -> (artifact id: '1ead9277e50456a74d7555cd4a6b3c5c') in 0.063842 seconds 
  Import took 0.077829 seconds .

========================================================================
Received Import Request.
  Time since last request: 0.001544 seconds.
  path: Assets/Sprits/PNG/Default/ship_C.png
  artifactKey: Guid(f93cb5f8f9153034990796474f2dd0ab) Importer(815301076,1909f56bfc062723c751e8b465ee728b)
Start importing Assets/Sprits/PNG/Default/ship_C.png using Guid(f93cb5f8f9153034990796474f2dd0ab) Importer(815301076,1909f56bfc062723c751e8b465ee728b)  -> (artifact id: '90dc96f6ab4ab0c2e75966b70f917ce0') in 0.073073 seconds 
  Import took 0.085572 seconds .

========================================================================
Received Import Request.
  Time since last request: 0.001377 seconds.
  path: Assets/Sprits/PNG/Default/ship_sidesD.png
  artifactKey: Guid(0b1996de33e405f459c5556d0c955308) Importer(815301076,1909f56bfc062723c751e8b465ee728b)
Start importing Assets/Sprits/PNG/Default/ship_sidesD.png using Guid(0b1996de33e405f459c5556d0c955308) Importer(815301076,1909f56bfc062723c751e8b465ee728b)  -> (artifact id: '05aae8e084bd0218aac1379f9f184dd1') in 0.113835 seconds 
  Import took 0.127876 seconds .

========================================================================
Received Import Request.
  Time since last request: 0.001035 seconds.
  path: Assets/Sprits/PNG/Default/ship_sidesB.png
  artifactKey: Guid(ebb3c59422c2d9548ac3982e2afcd4da) Importer(815301076,1909f56bfc062723c751e8b465ee728b)
Start importing Assets/Sprits/PNG/Default/ship_sidesB.png using Guid(ebb3c59422c2d9548ac3982e2afcd4da) Importer(815301076,1909f56bfc062723c751e8b465ee728b)  -> (artifact id: 'e1aad1b006d11465ff3cf37000dfdb57') in 0.082491 seconds 
  Import took 0.096153 seconds .

========================================================================
Received Import Request.
  Time since last request: 0.038712 seconds.
  path: Assets/Sprits/PNG/Default/satellite_A.png
  artifactKey: Guid(9825a124fa4bbe544a63d045469522ff) Importer(815301076,1909f56bfc062723c751e8b465ee728b)
Start importing Assets/Sprits/PNG/Default/satellite_A.png using Guid(9825a124fa4bbe544a63d045469522ff) Importer(815301076,1909f56bfc062723c751e8b465ee728b)  -> (artifact id: '0a24da2efb672136bc42361157fd9d54') in 0.092212 seconds 
  Import took 0.122690 seconds .

========================================================================
Received Import Request.
  Time since last request: 0.000912 seconds.
  path: Assets/Sprits/PNG/Default/icon_crossSmall.png
  artifactKey: Guid(0aec4479fe906b94c81f2ef771247717) Importer(815301076,1909f56bfc062723c751e8b465ee728b)
Start importing Assets/Sprits/PNG/Default/icon_crossSmall.png using Guid(0aec4479fe906b94c81f2ef771247717) Importer(815301076,1909f56bfc062723c751e8b465ee728b)  -> (artifact id: '17776aabe9c790e0ce7643b45ef51a20') in 0.098871 seconds 
  Import took 0.129800 seconds .

========================================================================
Received Import Request.
  Time since last request: 0.000933 seconds.
  path: Assets/Sprits/PNG/Default/ship_sidesA.png
  artifactKey: Guid(5ac9176ba26ab6547b5f13ea19bbc763) Importer(815301076,1909f56bfc062723c751e8b465ee728b)
Start importing Assets/Sprits/PNG/Default/ship_sidesA.png using Guid(5ac9176ba26ab6547b5f13ea19bbc763) Importer(815301076,1909f56bfc062723c751e8b465ee728b)  -> (artifact id: 'd41d3c77ccc0179a5cc9c28630289bb1') in 0.073005 seconds 
  Import took 0.085758 seconds .

========================================================================
Received Import Request.
  Time since last request: 0.001124 seconds.
  path: Assets/Sprits/PNG/Default/icon_plusLarge.png
  artifactKey: Guid(fac4846e431fa094fbc38f2f9fd8f1a4) Importer(815301076,1909f56bfc062723c751e8b465ee728b)
Start importing Assets/Sprits/PNG/Default/icon_plusLarge.png using Guid(fac4846e431fa094fbc38f2f9fd8f1a4) Importer(815301076,1909f56bfc062723c751e8b465ee728b)  -> (artifact id: '0963d3a508a0d34702406bb12c8f3fc3') in 0.127495 seconds 
  Import took 0.157298 seconds .

========================================================================
Received Import Request.
  Time since last request: 0.000831 seconds.
  path: Assets/Sprits/PNG/Default/ship_K.png
  artifactKey: Guid(2b318631950d55543840ba290746fbc3) Importer(815301076,1909f56bfc062723c751e8b465ee728b)
Start importing Assets/Sprits/PNG/Default/ship_K.png using Guid(2b318631950d55543840ba290746fbc3) Importer(815301076,1909f56bfc062723c751e8b465ee728b)  -> (artifact id: '641d529fb643f3cf2c73eea1206c81a8') in 0.088758 seconds 
  Import took 0.108121 seconds .

========================================================================
Received Import Request.
  Time since last request: 0.000949 seconds.
  path: Assets/Sprits/PNG/Default/ship_J.png
  artifactKey: Guid(b2feaad453ef79149b27481b49b9e283) Importer(815301076,1909f56bfc062723c751e8b465ee728b)
Start importing Assets/Sprits/PNG/Default/ship_J.png using Guid(b2feaad453ef79149b27481b49b9e283) Importer(815301076,1909f56bfc062723c751e8b465ee728b)  -> (artifact id: '2ea9c5ef89417cc6b1d82523524cff0a') in 0.067606 seconds 
  Import took 0.081172 seconds .

========================================================================
Received Import Request.
  Time since last request: 0.001080 seconds.
  path: Assets/Sprits/PNG/Default/enemy_A.png
  artifactKey: Guid(ebb24b29371ad024dacc04c11af8657e) Importer(815301076,1909f56bfc062723c751e8b465ee728b)
Start importing Assets/Sprits/PNG/Default/enemy_A.png using Guid(ebb24b29371ad024dacc04c11af8657e) Importer(815301076,1909f56bfc062723c751e8b465ee728b)  -> (artifact id: '08128802512dc5c5d0b2a6a24cb9960d') in 0.120468 seconds 
  Import took 0.160283 seconds .

========================================================================
Received Import Request.
  Time since last request: 0.000923 seconds.
  path: Assets/Sprits/PNG/Default/enemy_B.png
  artifactKey: Guid(eb1663433b0cfd84a8cc9cbc37d543e3) Importer(815301076,1909f56bfc062723c751e8b465ee728b)
Start importing Assets/Sprits/PNG/Default/enemy_B.png using Guid(eb1663433b0cfd84a8cc9cbc37d543e3) Importer(815301076,1909f56bfc062723c751e8b465ee728b)  -> (artifact id: 'eef3f20e0d18284f8974d82bd848793d') in 0.079474 seconds 
  Import took 0.093195 seconds .

========================================================================
Received Import Request.
  Time since last request: 0.001065 seconds.
  path: Assets/Sprits/PNG/Default/ship_F.png
  artifactKey: Guid(6325eb4b928fae349b45c3b411d19428) Importer(815301076,1909f56bfc062723c751e8b465ee728b)
Start importing Assets/Sprits/PNG/Default/ship_F.png using Guid(6325eb4b928fae349b45c3b411d19428) Importer(815301076,1909f56bfc062723c751e8b465ee728b)  -> (artifact id: 'bca43fdcb1a6a7ea501ff2071185e3d3') in 0.072895 seconds 
  Import took 0.085992 seconds .

========================================================================
Received Import Request.
  Time since last request: 0.000806 seconds.
  path: Assets/Sprits/PNG/Default/icon_plusSmall.png
  artifactKey: Guid(0ba22289cf9ec464ea615b20216f372e) Importer(815301076,1909f56bfc062723c751e8b465ee728b)
Start importing Assets/Sprits/PNG/Default/icon_plusSmall.png using Guid(0ba22289cf9ec464ea615b20216f372e) Importer(815301076,1909f56bfc062723c751e8b465ee728b)  -> (artifact id: 'f617c80d385e7b3130e07b85c1e0f17a') in 0.082128 seconds 
  Import took 0.097501 seconds .

========================================================================
Received Import Request.
  Time since last request: 0.001420 seconds.
  path: Assets/Sprits/PNG/Default/enemy_D.png
  artifactKey: Guid(d0a24ca14b00f7a44887af895256deee) Importer(815301076,1909f56bfc062723c751e8b465ee728b)
Start importing Assets/Sprits/PNG/Default/enemy_D.png using Guid(d0a24ca14b00f7a44887af895256deee) Importer(815301076,1909f56bfc062723c751e8b465ee728b)  -> (artifact id: '37ca1a53496f52f6abadd10cd8b71885') in 0.075138 seconds 
  Import took 0.087555 seconds .

========================================================================
Received Import Request.
  Time since last request: 0.001147 seconds.
  path: Assets/Sprits/PNG/Default/satellite_B.png
  artifactKey: Guid(90b536e768f1cc24f865d9cd2806a7f3) Importer(815301076,1909f56bfc062723c751e8b465ee728b)
Start importing Assets/Sprits/PNG/Default/satellite_B.png using Guid(90b536e768f1cc24f865d9cd2806a7f3) Importer(815301076,1909f56bfc062723c751e8b465ee728b)  -> (artifact id: 'c737d7f95b09d907acee7f790192b1f7') in 0.107808 seconds 
  Import took 0.121860 seconds .

========================================================================
Received Import Request.
  Time since last request: 0.000863 seconds.
  path: Assets/Sprits/PNG/Default/ship_D.png
  artifactKey: Guid(5fe1e5c3f36e27d488e55679ce4762d3) Importer(815301076,1909f56bfc062723c751e8b465ee728b)
Start importing Assets/Sprits/PNG/Default/ship_D.png using Guid(5fe1e5c3f36e27d488e55679ce4762d3) Importer(815301076,1909f56bfc062723c751e8b465ee728b)  -> (artifact id: '04878c9715b37983e193fd156413d422') in 0.082693 seconds 
  Import took 0.095532 seconds .

========================================================================
Received Import Request.
  Time since last request: 0.000868 seconds.
  path: Assets/Sprits/PNG/Default/ship_E.png
  artifactKey: Guid(971d7502df413b34ab4c1bab6fcd5db6) Importer(815301076,1909f56bfc062723c751e8b465ee728b)
Start importing Assets/Sprits/PNG/Default/ship_E.png using Guid(971d7502df413b34ab4c1bab6fcd5db6) Importer(815301076,1909f56bfc062723c751e8b465ee728b)  -> (artifact id: '01833adecc4997580fdc2f24d5850b67') in 0.059819 seconds 
  Import took 0.090530 seconds .

========================================================================
Received Import Request.
  Time since last request: 0.001049 seconds.
  path: Assets/Sprits/PNG/Default/meteor_detailedLarge.png
  artifactKey: Guid(ca7345c4d0b843542be5437793b03411) Importer(815301076,1909f56bfc062723c751e8b465ee728b)
Start importing Assets/Sprits/PNG/Default/meteor_detailedLarge.png using Guid(ca7345c4d0b843542be5437793b03411) Importer(815301076,1909f56bfc062723c751e8b465ee728b)  -> (artifact id: '8ea7dc1dbfb48fb5ec43b94542fe4089') in 0.100468 seconds 
  Import took 0.114821 seconds .

========================================================================
Received Import Request.
  Time since last request: 0.001338 seconds.
  path: Assets/Sprits/PNG/Default/satellite_D.png
  artifactKey: Guid(c96fb5842d9ed5f4b9bca4b17265c0a2) Importer(815301076,1909f56bfc062723c751e8b465ee728b)
Start importing Assets/Sprits/PNG/Default/satellite_D.png using Guid(c96fb5842d9ed5f4b9bca4b17265c0a2) Importer(815301076,1909f56bfc062723c751e8b465ee728b)  -> (artifact id: 'd5529b1a79d7b0264d51c64f6779eab6') in 0.078182 seconds 
  Import took 0.093232 seconds .

========================================================================
Received Import Request.
  Time since last request: 0.000829 seconds.
  path: Assets/Sprits/PNG/Default/meteor_large.png
  artifactKey: Guid(06664afa902d7c04fa7ce73d0f0f8163) Importer(815301076,1909f56bfc062723c751e8b465ee728b)
Start importing Assets/Sprits/PNG/Default/meteor_large.png using Guid(06664afa902d7c04fa7ce73d0f0f8163) Importer(815301076,1909f56bfc062723c751e8b465ee728b)  -> (artifact id: '68ef6f3f5df079a1440ff81a23f3d260') in 0.099835 seconds 
  Import took 0.141771 seconds .

========================================================================
Received Import Request.
  Time since last request: 0.001512 seconds.
  path: Assets/Sprits/PNG/Default/enemy_C.png
  artifactKey: Guid(212cd0c7d18d3eb48b1555dd9c6bb033) Importer(815301076,1909f56bfc062723c751e8b465ee728b)
Start importing Assets/Sprits/PNG/Default/enemy_C.png using Guid(212cd0c7d18d3eb48b1555dd9c6bb033) Importer(815301076,1909f56bfc062723c751e8b465ee728b)  -> (artifact id: '389996dafc5bacc6a6c1b471e8c2e411') in 0.084030 seconds 
  Import took 0.106517 seconds .

========================================================================
Received Import Request.
  Time since last request: 0.000975 seconds.
  path: Assets/Sprits/PNG/Default/meteor_squareDetailedSmall.png
  artifactKey: Guid(401a69024632dd7498c017207c53b2ea) Importer(815301076,1909f56bfc062723c751e8b465ee728b)
Start importing Assets/Sprits/PNG/Default/meteor_squareDetailedSmall.png using Guid(401a69024632dd7498c017207c53b2ea) Importer(815301076,1909f56bfc062723c751e8b465ee728b)  -> (artifact id: 'd6ed65442d92b2b724b8e27662b75fba') in 0.071813 seconds 
  Import took 0.097989 seconds .

========================================================================
Received Import Request.
  Time since last request: 0.001434 seconds.
  path: Assets/Sprits/PNG/Default/meteor_squareSmall.png
  artifactKey: Guid(5b5d6ca1fe681a4458d9bda05b5d508d) Importer(815301076,1909f56bfc062723c751e8b465ee728b)
Start importing Assets/Sprits/PNG/Default/meteor_squareSmall.png using Guid(5b5d6ca1fe681a4458d9bda05b5d508d) Importer(815301076,1909f56bfc062723c751e8b465ee728b)  -> (artifact id: 'bea4642de94d3fdab6b9568a36c4fad3') in 0.085292 seconds 
  Import took 0.096845 seconds .

========================================================================
Received Import Request.
  Time since last request: 0.001135 seconds.
  path: Assets/Sprits/PNG/Default/star_large.png
  artifactKey: Guid(2267b5eda15d0f14e85bf36f731c0069) Importer(815301076,1909f56bfc062723c751e8b465ee728b)
Start importing Assets/Sprits/PNG/Default/star_large.png using Guid(2267b5eda15d0f14e85bf36f731c0069) Importer(815301076,1909f56bfc062723c751e8b465ee728b)  -> (artifact id: 'c0203c2f6d77f14141407fddc7009601') in 0.068111 seconds 
  Import took 0.079764 seconds .

========================================================================
Received Import Request.
  Time since last request: 0.001330 seconds.
  path: Assets/Sprits/PNG/Default/satellite_C.png
  artifactKey: Guid(7c40d94b1dd08b547813e48047a30068) Importer(815301076,1909f56bfc062723c751e8b465ee728b)
Start importing Assets/Sprits/PNG/Default/satellite_C.png using Guid(7c40d94b1dd08b547813e48047a30068) Importer(815301076,1909f56bfc062723c751e8b465ee728b)  -> (artifact id: '7247eb41a8a0dcfb626389fcbbcd6840') in 0.074688 seconds 
  Import took 0.087187 seconds .

========================================================================
Received Import Request.
  Time since last request: 0.000940 seconds.
  path: Assets/Sprits/PNG/Default/meteor_small.png
  artifactKey: Guid(436704f6e2478b94d95293f5055ce054) Importer(815301076,1909f56bfc062723c751e8b465ee728b)
Start importing Assets/Sprits/PNG/Default/meteor_small.png using Guid(436704f6e2478b94d95293f5055ce054) Importer(815301076,1909f56bfc062723c751e8b465ee728b)  -> (artifact id: '650fc5feb6e140a4d92dba32d073e097') in 0.064998 seconds 
  Import took 0.093769 seconds .

========================================================================
Received Import Request.
  Time since last request: 0.000994 seconds.
  path: Assets/Sprits/PNG/Default/icon_exclamationLarge.png
  artifactKey: Guid(d6389934028eae9449fe6ec862956fb2) Importer(815301076,1909f56bfc062723c751e8b465ee728b)
Start importing Assets/Sprits/PNG/Default/icon_exclamationLarge.png using Guid(d6389934028eae9449fe6ec862956fb2) Importer(815301076,1909f56bfc062723c751e8b465ee728b)  -> (artifact id: '361c5a9ed4300910e6bff718457f5756') in 0.076046 seconds 
  Import took 0.087918 seconds .

========================================================================
Received Import Request.
  Time since last request: 0.000837 seconds.
  path: Assets/Sprits/PNG/Default/meteor_detailedSmall.png
  artifactKey: Guid(0273248f60d8f7347b3f59eb3abd7339) Importer(815301076,1909f56bfc062723c751e8b465ee728b)
Start importing Assets/Sprits/PNG/Default/meteor_detailedSmall.png using Guid(0273248f60d8f7347b3f59eb3abd7339) Importer(815301076,1909f56bfc062723c751e8b465ee728b)  -> (artifact id: 'fe883528db7c0e009069fac3a80b0ff0') in 0.063670 seconds 
  Import took 0.096723 seconds .

========================================================================
Received Import Request.
  Time since last request: 0.000816 seconds.
  path: Assets/Sprits/PNG/Default/icon_crossLarge.png
  artifactKey: Guid(46567c0cd6c7db64d9cb999c3066e75d) Importer(815301076,1909f56bfc062723c751e8b465ee728b)
Start importing Assets/Sprits/PNG/Default/icon_crossLarge.png using Guid(46567c0cd6c7db64d9cb999c3066e75d) Importer(815301076,1909f56bfc062723c751e8b465ee728b)  -> (artifact id: 'f0a0c3edf921fdd65546e5f4dc332b5e') in 0.093987 seconds 
  Import took 0.112724 seconds .

========================================================================
Received Import Request.
  Time since last request: 0.001422 seconds.
  path: Assets/Sprits/PNG/Default/effect_yellow.png
  artifactKey: Guid(3cb7ce2a5358fbb4a8e77d09590df3de) Importer(815301076,1909f56bfc062723c751e8b465ee728b)
Start importing Assets/Sprits/PNG/Default/effect_yellow.png using Guid(3cb7ce2a5358fbb4a8e77d09590df3de) Importer(815301076,1909f56bfc062723c751e8b465ee728b)  -> (artifact id: '79ea8ad2c4bd6fac8c90de77b13b5181') in 0.078372 seconds 
  Import took 0.133643 seconds .

========================================================================
Received Import Request.
  Time since last request: 0.000940 seconds.
  path: Assets/Sprits/PNG/Default/meteor_squareDetailedLarge.png
  artifactKey: Guid(0751febb5f82b214ab9d42f461e26e9b) Importer(815301076,1909f56bfc062723c751e8b465ee728b)
Start importing Assets/Sprits/PNG/Default/meteor_squareDetailedLarge.png using Guid(0751febb5f82b214ab9d42f461e26e9b) Importer(815301076,1909f56bfc062723c751e8b465ee728b)  -> (artifact id: '432a2ab68dc86be87b1d81fd32930f4f') in 0.097492 seconds 
  Import took 0.125091 seconds .

========================================================================
Received Import Request.
  Time since last request: 0.003049 seconds.
  path: Assets/Sprits/PNG/Default/star_small.png
  artifactKey: Guid(53fcbc2d24c17164d94ac65de9098be5) Importer(815301076,1909f56bfc062723c751e8b465ee728b)
Start importing Assets/Sprits/PNG/Default/star_small.png using Guid(53fcbc2d24c17164d94ac65de9098be5) Importer(815301076,1909f56bfc062723c751e8b465ee728b)  -> (artifact id: '66484f8e29ca789abe119ff8b8f7c72e') in 0.091553 seconds 
  Import took 0.106915 seconds .

========================================================================
Received Import Request.
  Time since last request: 0.001781 seconds.
  path: Assets/Sprits/PNG/Default/meteor_squareLarge.png
  artifactKey: Guid(118de89ff4600fc43bfae04a17853af2) Importer(815301076,1909f56bfc062723c751e8b465ee728b)
Start importing Assets/Sprits/PNG/Default/meteor_squareLarge.png using Guid(118de89ff4600fc43bfae04a17853af2) Importer(815301076,1909f56bfc062723c751e8b465ee728b)  -> (artifact id: '9e96e3f40306ab3ddfc646e573929e59') in 0.146083 seconds 
  Import took 0.173114 seconds .

========================================================================
Received Import Request.
  Time since last request: 0.001080 seconds.
  path: Assets/Sprits/PNG/Default/ship_G.png
  artifactKey: Guid(064eedf90911f8c46a7a1925c445cf46) Importer(815301076,1909f56bfc062723c751e8b465ee728b)
Start importing Assets/Sprits/PNG/Default/ship_G.png using Guid(064eedf90911f8c46a7a1925c445cf46) Importer(815301076,1909f56bfc062723c751e8b465ee728b)  -> (artifact id: 'ab317a87bf9abd69e2dff8356d41994c') in 0.067835 seconds 
  Import took 0.078885 seconds .

========================================================================
Received Import Request.
  Time since last request: 0.000902 seconds.
  path: Assets/Sprits/PNG/Default/enemy_E.png
  artifactKey: Guid(74f976c8978208144a2f570977fb1c1b) Importer(815301076,1909f56bfc062723c751e8b465ee728b)
Start importing Assets/Sprits/PNG/Default/enemy_E.png using Guid(74f976c8978208144a2f570977fb1c1b) Importer(815301076,1909f56bfc062723c751e8b465ee728b)  -> (artifact id: 'c3c63c103e68e7eb2e4af9f071b78cd3') in 0.066960 seconds 
  Import took 0.078480 seconds .

========================================================================
Received Import Request.
  Time since last request: 0.001332 seconds.
  path: Assets/Sprits/PNG/Default/star_medium.png
  artifactKey: Guid(704362f054b37c04d958f0b7ec75572d) Importer(815301076,1909f56bfc062723c751e8b465ee728b)
Start importing Assets/Sprits/PNG/Default/star_medium.png using Guid(704362f054b37c04d958f0b7ec75572d) Importer(815301076,1909f56bfc062723c751e8b465ee728b)  -> (artifact id: '9195e327fd8e82f29b358a7d80ffad81') in 0.080170 seconds 
  Import took 0.093072 seconds .

========================================================================
Received Import Request.
  Time since last request: 0.000921 seconds.
  path: Assets/Sprits/PNG/Default/ship_H.png
  artifactKey: Guid(9587ed4495d1e7047a6e4525b48fa327) Importer(815301076,1909f56bfc062723c751e8b465ee728b)
Start importing Assets/Sprits/PNG/Default/ship_H.png using Guid(9587ed4495d1e7047a6e4525b48fa327) Importer(815301076,1909f56bfc062723c751e8b465ee728b)  -> (artifact id: '6798e8fbca0bbab0c2401045c59eafa5') in 0.088356 seconds 
  Import took 0.116889 seconds .

========================================================================
Received Import Request.
  Time since last request: 0.000795 seconds.
  path: Assets/Sprits/PNG/Default/icon_exclamationSmall.png
  artifactKey: Guid(ca72c4433baf8404a912170d3d23b555) Importer(815301076,1909f56bfc062723c751e8b465ee728b)
Start importing Assets/Sprits/PNG/Default/icon_exclamationSmall.png using Guid(ca72c4433baf8404a912170d3d23b555) Importer(815301076,1909f56bfc062723c751e8b465ee728b)  -> (artifact id: '509e519bf045395b7b2778f18d685d89') in 0.077484 seconds 
  Import took 0.088445 seconds .

========================================================================
Received Import Request.
  Time since last request: 0.001063 seconds.
  path: Assets/Sprits/PNG/Default/ship_B.png
  artifactKey: Guid(935eafc83782bac47aae6a186eea7789) Importer(815301076,1909f56bfc062723c751e8b465ee728b)
Start importing Assets/Sprits/PNG/Default/ship_B.png using Guid(935eafc83782bac47aae6a186eea7789) Importer(815301076,1909f56bfc062723c751e8b465ee728b)  -> (artifact id: 'd054e7c607d074019378217f802332fe') in 0.078855 seconds 
  Import took 0.095292 seconds .

========================================================================
Received Import Request.
  Time since last request: 3.711656 seconds.
  path: Assets/Sprits/PNG/Default/station_A.png
  artifactKey: Guid(77e2cc6a824bb4546934266e7e4d2662) Importer(815301076,1909f56bfc062723c751e8b465ee728b)
Start importing Assets/Sprits/PNG/Default/station_A.png using Guid(77e2cc6a824bb4546934266e7e4d2662) Importer(815301076,1909f56bfc062723c751e8b465ee728b)  -> (artifact id: '076267418f3322f9bc905a0027875684') in 0.055851 seconds 
  Import took 0.069373 seconds .

========================================================================
Received Import Request.
  Time since last request: 0.000956 seconds.
  path: Assets/Sprits/PNG/Default/station_B.png
  artifactKey: Guid(aab6335a5e17a9e4abf900dd451c4714) Importer(815301076,1909f56bfc062723c751e8b465ee728b)
Start importing Assets/Sprits/PNG/Default/station_B.png using Guid(aab6335a5e17a9e4abf900dd451c4714) Importer(815301076,1909f56bfc062723c751e8b465ee728b)  -> (artifact id: '9e8493704e18f3d797ec35299a949da4') in 0.101509 seconds 
  Import took 0.113447 seconds .

========================================================================
Received Import Request.
  Time since last request: 0.001074 seconds.
  path: Assets/Sprits/PNG/Default/station_C.png
  artifactKey: Guid(f9da3912875854e4685a03193b7b7043) Importer(815301076,1909f56bfc062723c751e8b465ee728b)
Start importing Assets/Sprits/PNG/Default/station_C.png using Guid(f9da3912875854e4685a03193b7b7043) Importer(815301076,1909f56bfc062723c751e8b465ee728b)  -> (artifact id: '2684a0f815160ce36ed289f10bf67645') in 0.081195 seconds 
  Import took 0.113434 seconds .

========================================================================
Received Import Request.
  Time since last request: 0.000882 seconds.
  path: Assets/Sprits/PNG/Default/station_B.png
  artifactKey: Guid(aab6335a5e17a9e4abf900dd451c4714) Importer(815301076,1909f56bfc062723c751e8b465ee728b)
Start importing Assets/Sprits/PNG/Default/station_B.png using Guid(aab6335a5e17a9e4abf900dd451c4714) Importer(815301076,1909f56bfc062723c751e8b465ee728b)  -> (artifact id: '9e8493704e18f3d797ec35299a949da4') in 0.045259 seconds 
  Import took 0.056937 seconds .

========================================================================
Received Import Request.
  Time since last request: 15.417473 seconds.
  path: Assets/Sprits/PNG/Retina
  artifactKey: Guid(03b08ec83cd102742baac945edbd7ed3) Importer(815301076,1909f56bfc062723c751e8b465ee728b)
Start importing Assets/Sprits/PNG/Retina using Guid(03b08ec83cd102742baac945edbd7ed3) Importer(815301076,1909f56bfc062723c751e8b465ee728b)  -> (artifact id: 'ebe31dec11ab81dd328403fc8824668a') in 0.032923 seconds 
  Import took 0.055930 seconds .

========================================================================
Received Import Request.
  Time since last request: 0.007560 seconds.
  path: Assets/Sprits/PNG/Retina/effect_purple.png
  artifactKey: Guid(d65005759ddb8574ebc0798397116025) Importer(815301076,1909f56bfc062723c751e8b465ee728b)
Start importing Assets/Sprits/PNG/Retina/effect_purple.png using Guid(d65005759ddb8574ebc0798397116025) Importer(815301076,1909f56bfc062723c751e8b465ee728b)  -> (artifact id: '22e0971360f9faa5ac8cb778d63cbac1') in 0.063100 seconds 
  Import took 0.079133 seconds .

========================================================================
Received Import Request.
  Time since last request: 0.000728 seconds.
  path: Assets/Sprits/PNG/Retina/ship_G.png
  artifactKey: Guid(2f20d267b7f112c4594920d998634dbe) Importer(815301076,1909f56bfc062723c751e8b465ee728b)
Start importing Assets/Sprits/PNG/Retina/ship_G.png using Guid(2f20d267b7f112c4594920d998634dbe) Importer(815301076,1909f56bfc062723c751e8b465ee728b)  -> (artifact id: 'e5f665e848f81e45eab14280868330b5') in 0.063974 seconds 
  Import took 0.076238 seconds .

========================================================================
Received Import Request.
  Time since last request: 0.000918 seconds.
  path: Assets/Sprits/PNG/Retina/enemy_D.png
  artifactKey: Guid(a2dfbfba6ea641144af1142d28ef8eec) Importer(815301076,1909f56bfc062723c751e8b465ee728b)
Start importing Assets/Sprits/PNG/Retina/enemy_D.png using Guid(a2dfbfba6ea641144af1142d28ef8eec) Importer(815301076,1909f56bfc062723c751e8b465ee728b)  -> (artifact id: 'd2f612214b07070591e1892795011ed3') in 0.064197 seconds 
  Import took 0.076857 seconds .

========================================================================
Received Import Request.
  Time since last request: 0.000858 seconds.
  path: Assets/Sprits/PNG/Retina/ship_D.png
  artifactKey: Guid(8f468771bf785814ca359abb54141cab) Importer(815301076,1909f56bfc062723c751e8b465ee728b)
Start importing Assets/Sprits/PNG/Retina/ship_D.png using Guid(8f468771bf785814ca359abb54141cab) Importer(815301076,1909f56bfc062723c751e8b465ee728b)  -> (artifact id: '9786bba581f7f4e131c7d8406df76210') in 0.081514 seconds 
  Import took 0.096802 seconds .

========================================================================
Received Import Request.
  Time since last request: 0.001033 seconds.
  path: Assets/Sprits/PNG/Retina/ship_sidesA.png
  artifactKey: Guid(85173c11e1b157142a83ec9d4ef57aef) Importer(815301076,1909f56bfc062723c751e8b465ee728b)
Start importing Assets/Sprits/PNG/Retina/ship_sidesA.png using Guid(85173c11e1b157142a83ec9d4ef57aef) Importer(815301076,1909f56bfc062723c751e8b465ee728b)  -> (artifact id: '40b2aec8b7921fecbf823ad27be964aa') in 0.052486 seconds 
  Import took 0.064116 seconds .

========================================================================
Received Import Request.
  Time since last request: 0.001027 seconds.
  path: Assets/Sprits/PNG/Retina/ship_F.png
  artifactKey: Guid(fc6b27d5bb29baa4391b6a8c65829397) Importer(815301076,1909f56bfc062723c751e8b465ee728b)
Start importing Assets/Sprits/PNG/Retina/ship_F.png using Guid(fc6b27d5bb29baa4391b6a8c65829397) Importer(815301076,1909f56bfc062723c751e8b465ee728b)  -> (artifact id: '7270c4655ae09802d8b112b1234a4d0c') in 0.071272 seconds 
  Import took 0.084159 seconds .

========================================================================
Received Import Request.
  Time since last request: 0.001049 seconds.
  path: Assets/Sprits/PNG/Retina/ship_H.png
  artifactKey: Guid(37bec997756e5754d9dc0032e5628263) Importer(815301076,1909f56bfc062723c751e8b465ee728b)
Start importing Assets/Sprits/PNG/Retina/ship_H.png using Guid(37bec997756e5754d9dc0032e5628263) Importer(815301076,1909f56bfc062723c751e8b465ee728b)  -> (artifact id: 'acee5e074871175c726b1334991b0139') in 0.126216 seconds 
  Import took 0.157262 seconds .

========================================================================
Received Import Request.
  Time since last request: 0.000804 seconds.
  path: Assets/Sprits/PNG/Retina/meteor_squareLarge.png
  artifactKey: Guid(e51a404d38ebc4849ab19826315e33a5) Importer(815301076,1909f56bfc062723c751e8b465ee728b)
Start importing Assets/Sprits/PNG/Retina/meteor_squareLarge.png using Guid(e51a404d38ebc4849ab19826315e33a5) Importer(815301076,1909f56bfc062723c751e8b465ee728b)  -> (artifact id: '6bbf370e6923e5c5bb1a968528313056') in 0.063566 seconds 
  Import took 0.074976 seconds .

========================================================================
Received Import Request.
  Time since last request: 0.000794 seconds.
  path: Assets/Sprits/PNG/Retina/ship_B.png
  artifactKey: Guid(08a707713b26af649afdfef07f131100) Importer(815301076,1909f56bfc062723c751e8b465ee728b)
Start importing Assets/Sprits/PNG/Retina/ship_B.png using Guid(08a707713b26af649afdfef07f131100) Importer(815301076,1909f56bfc062723c751e8b465ee728b)  -> (artifact id: 'b307c2a6a3d150ee79bdb50a0f4b8c2c') in 0.058690 seconds 
  Import took 0.072136 seconds .

========================================================================
Received Import Request.
  Time since last request: 0.000895 seconds.
  path: Assets/Sprits/PNG/Retina/meteor_squareDetailedSmall.png
  artifactKey: Guid(763d748bc6e00904ca10922eb32608f3) Importer(815301076,1909f56bfc062723c751e8b465ee728b)
Start importing Assets/Sprits/PNG/Retina/meteor_squareDetailedSmall.png using Guid(763d748bc6e00904ca10922eb32608f3) Importer(815301076,1909f56bfc062723c751e8b465ee728b)  -> (artifact id: '4ae609d354eaf2f12c326769a81e08db') in 0.057306 seconds 
  Import took 0.069098 seconds .

========================================================================
Received Import Request.
  Time since last request: 0.001020 seconds.
  path: Assets/Sprits/PNG/Retina/satellite_D.png
  artifactKey: Guid(f621eadcee3359c4ba68c90465a10d89) Importer(815301076,1909f56bfc062723c751e8b465ee728b)
Start importing Assets/Sprits/PNG/Retina/satellite_D.png using Guid(f621eadcee3359c4ba68c90465a10d89) Importer(815301076,1909f56bfc062723c751e8b465ee728b)  -> (artifact id: '973aeb905e2bc294b30b3173b0e896cc') in 0.050333 seconds 
  Import took 0.063021 seconds .

========================================================================
Received Import Request.
  Time since last request: 0.000864 seconds.
  path: Assets/Sprits/PNG/Retina/ship_sidesB.png
  artifactKey: Guid(86305648d675727488607c91789a2069) Importer(815301076,1909f56bfc062723c751e8b465ee728b)
Start importing Assets/Sprits/PNG/Retina/ship_sidesB.png using Guid(86305648d675727488607c91789a2069) Importer(815301076,1909f56bfc062723c751e8b465ee728b)  -> (artifact id: '3aacd13128ab141ebf2c21cdc35ac0fd') in 0.090836 seconds 
  Import took 0.110145 seconds .

========================================================================
Received Import Request.
  Time since last request: 0.000842 seconds.
  path: Assets/Sprits/PNG/Retina/meteor_small.png
  artifactKey: Guid(ba64219fe5ce16744861fb68a29d4843) Importer(815301076,1909f56bfc062723c751e8b465ee728b)
Start importing Assets/Sprits/PNG/Retina/meteor_small.png using Guid(ba64219fe5ce16744861fb68a29d4843) Importer(815301076,1909f56bfc062723c751e8b465ee728b)  -> (artifact id: '9bfbf36790ffb50d8526991b24998480') in 0.157197 seconds 
  Import took 0.171813 seconds .

========================================================================
Received Import Request.
  Time since last request: 0.001061 seconds.
  path: Assets/Sprits/PNG/Retina/effect_yellow.png
  artifactKey: Guid(6d1721f01c954df4687e6e8fdf19f441) Importer(815301076,1909f56bfc062723c751e8b465ee728b)
Start importing Assets/Sprits/PNG/Retina/effect_yellow.png using Guid(6d1721f01c954df4687e6e8fdf19f441) Importer(815301076,1909f56bfc062723c751e8b465ee728b)  -> (artifact id: '7b42259a4854f44568a49b239e4c2133') in 0.066648 seconds 
  Import took 0.079435 seconds .

========================================================================
Received Import Request.
  Time since last request: 0.000836 seconds.
  path: Assets/Sprits/PNG/Retina/ship_I.png
  artifactKey: Guid(3c8514dea88098541b2441fb6dda9904) Importer(815301076,1909f56bfc062723c751e8b465ee728b)
Start importing Assets/Sprits/PNG/Retina/ship_I.png using Guid(3c8514dea88098541b2441fb6dda9904) Importer(815301076,1909f56bfc062723c751e8b465ee728b)  -> (artifact id: 'cae8840ee35a386e6c823304e1461940') in 0.062776 seconds 
  Import took 0.076175 seconds .

========================================================================
Received Import Request.
  Time since last request: 0.001082 seconds.
  path: Assets/Sprits/PNG/Retina/ship_J.png
  artifactKey: Guid(f432537f7bb589b4cbecb4debcfbff22) Importer(815301076,1909f56bfc062723c751e8b465ee728b)
Start importing Assets/Sprits/PNG/Retina/ship_J.png using Guid(f432537f7bb589b4cbecb4debcfbff22) Importer(815301076,1909f56bfc062723c751e8b465ee728b)  -> (artifact id: '4a4c7ffe9dd63bb2701281589d602353') in 0.073365 seconds 
  Import took 0.084655 seconds .

========================================================================
Received Import Request.
  Time since last request: 0.000870 seconds.
  path: Assets/Sprits/PNG/Retina/icon_exclamationLarge.png
  artifactKey: Guid(6ebc85625a097144786239372859ba5d) Importer(815301076,1909f56bfc062723c751e8b465ee728b)
Start importing Assets/Sprits/PNG/Retina/icon_exclamationLarge.png using Guid(6ebc85625a097144786239372859ba5d) Importer(815301076,1909f56bfc062723c751e8b465ee728b)  -> (artifact id: '2a7e3f10e2aa18bbf12b3277fef77796') in 0.066647 seconds 
  Import took 0.078009 seconds .

========================================================================
Received Import Request.
  Time since last request: 0.001128 seconds.
  path: Assets/Sprits/PNG/Retina/ship_E.png
  artifactKey: Guid(2e3cf2e9ef8f47445885299b8eb0c17b) Importer(815301076,1909f56bfc062723c751e8b465ee728b)
Start importing Assets/Sprits/PNG/Retina/ship_E.png using Guid(2e3cf2e9ef8f47445885299b8eb0c17b) Importer(815301076,1909f56bfc062723c751e8b465ee728b)  -> (artifact id: 'd6b15d0ca4c40576a45e210800d01e7a') in 0.063599 seconds 
  Import took 0.074883 seconds .

========================================================================
Received Import Request.
  Time since last request: 0.001202 seconds.
  path: Assets/Sprits/PNG/Retina/meteor_squareSmall.png
  artifactKey: Guid(80bac86ed5b3008419068432f6362cff) Importer(815301076,1909f56bfc062723c751e8b465ee728b)
Start importing Assets/Sprits/PNG/Retina/meteor_squareSmall.png using Guid(80bac86ed5b3008419068432f6362cff) Importer(815301076,1909f56bfc062723c751e8b465ee728b)  -> (artifact id: '0f8d518357b0f2aa432feffff0d718c7') in 0.070722 seconds 
  Import took 0.085255 seconds .

========================================================================
Received Import Request.
  Time since last request: 0.001001 seconds.
  path: Assets/Sprits/PNG/Retina/ship_L.png
  artifactKey: Guid(dbf106a81f0144549a8884871979d797) Importer(815301076,1909f56bfc062723c751e8b465ee728b)
Start importing Assets/Sprits/PNG/Retina/ship_L.png using Guid(dbf106a81f0144549a8884871979d797) Importer(815301076,1909f56bfc062723c751e8b465ee728b)  -> (artifact id: '8380070b71fa33ad3e10a57efe42c2e7') in 0.065159 seconds 
  Import took 0.077032 seconds .

========================================================================
Received Import Request.
  Time since last request: 0.000838 seconds.
  path: Assets/Sprits/PNG/Retina/satellite_B.png
  artifactKey: Guid(8b2ab2e34a24982498176083adcb8663) Importer(815301076,1909f56bfc062723c751e8b465ee728b)
Start importing Assets/Sprits/PNG/Retina/satellite_B.png using Guid(8b2ab2e34a24982498176083adcb8663) Importer(815301076,1909f56bfc062723c751e8b465ee728b)  -> (artifact id: '9fa72cacd45337f567f6de76aff687a9') in 0.073094 seconds 
  Import took 0.087549 seconds .

========================================================================
Received Import Request.
  Time since last request: 0.000969 seconds.
  path: Assets/Sprits/PNG/Retina/ship_K.png
  artifactKey: Guid(9b91221d86bfbf8488ff27145f32d94c) Importer(815301076,1909f56bfc062723c751e8b465ee728b)
Start importing Assets/Sprits/PNG/Retina/ship_K.png using Guid(9b91221d86bfbf8488ff27145f32d94c) Importer(815301076,1909f56bfc062723c751e8b465ee728b)  -> (artifact id: '208795c80b4fa69d05744238461ed486') in 0.068206 seconds 
  Import took 0.087299 seconds .

========================================================================
Received Import Request.
  Time since last request: 0.000811 seconds.
  path: Assets/Sprits/PNG/Retina/ship_sidesC.png
  artifactKey: Guid(056fce0deae04a04dbdb7fc457072e79) Importer(815301076,1909f56bfc062723c751e8b465ee728b)
Start importing Assets/Sprits/PNG/Retina/ship_sidesC.png using Guid(056fce0deae04a04dbdb7fc457072e79) Importer(815301076,1909f56bfc062723c751e8b465ee728b)  -> (artifact id: '4a12196c4bfae5cff08d7deecd135149') in 0.087197 seconds 
  Import took 0.101078 seconds .

========================================================================
Received Import Request.
  Time since last request: 0.000846 seconds.
  path: Assets/Sprits/PNG/Retina/satellite_C.png
  artifactKey: Guid(54233d79a69d7d64a9dbf250bf312fcd) Importer(815301076,1909f56bfc062723c751e8b465ee728b)
Start importing Assets/Sprits/PNG/Retina/satellite_C.png using Guid(54233d79a69d7d64a9dbf250bf312fcd) Importer(815301076,1909f56bfc062723c751e8b465ee728b)  -> (artifact id: 'f7475a23ff4124b9de7ceee6453b7406') in 0.073121 seconds 
  Import took 0.088356 seconds .

========================================================================
Received Import Request.
  Time since last request: 0.000933 seconds.
  path: Assets/Sprits/PNG/Retina/icon_exclamationSmall.png
  artifactKey: Guid(dcf4b8b19aa393648b5558f2b787501e) Importer(815301076,1909f56bfc062723c751e8b465ee728b)
Start importing Assets/Sprits/PNG/Retina/icon_exclamationSmall.png using Guid(dcf4b8b19aa393648b5558f2b787501e) Importer(815301076,1909f56bfc062723c751e8b465ee728b)  -> (artifact id: '2b7621094e436791570338dc416b3444') in 0.081850 seconds 
  Import took 0.092783 seconds .

========================================================================
Received Import Request.
  Time since last request: 0.001041 seconds.
  path: Assets/Sprits/PNG/Retina/enemy_C.png
  artifactKey: Guid(bf973d05d835f4f4dbf32774cb994b2e) Importer(815301076,1909f56bfc062723c751e8b465ee728b)
Start importing Assets/Sprits/PNG/Retina/enemy_C.png using Guid(bf973d05d835f4f4dbf32774cb994b2e) Importer(815301076,1909f56bfc062723c751e8b465ee728b)  -> (artifact id: 'c68bb1c922862030e47e9bbca1624c11') in 0.072337 seconds 
  Import took 0.085720 seconds .

========================================================================
Received Import Request.
  Time since last request: 0.001236 seconds.
  path: Assets/Sprits/PNG/Retina/icon_plusSmall.png
  artifactKey: Guid(5c75efd88dc20374cb5f922c92268117) Importer(815301076,1909f56bfc062723c751e8b465ee728b)
Start importing Assets/Sprits/PNG/Retina/icon_plusSmall.png using Guid(5c75efd88dc20374cb5f922c92268117) Importer(815301076,1909f56bfc062723c751e8b465ee728b)  -> (artifact id: 'e536a9b3233d6abf54e32ba13b08c7cc') in 0.058649 seconds 
  Import took 0.071352 seconds .

========================================================================
Received Import Request.
  Time since last request: 0.000971 seconds.
  path: Assets/Sprits/PNG/Retina/icon_crossLarge.png
  artifactKey: Guid(9ec13f4281a1d3f459756d7769b22363) Importer(815301076,1909f56bfc062723c751e8b465ee728b)
Start importing Assets/Sprits/PNG/Retina/icon_crossLarge.png using Guid(9ec13f4281a1d3f459756d7769b22363) Importer(815301076,1909f56bfc062723c751e8b465ee728b)  -> (artifact id: 'ae645e41624b176284d782bb8df4332e') in 0.069481 seconds 
  Import took 0.082229 seconds .

========================================================================
Received Import Request.
  Time since last request: 0.000975 seconds.
  path: Assets/Sprits/PNG/Retina/enemy_A.png
  artifactKey: Guid(8f5258533259f904db0c3dd520540b9b) Importer(815301076,1909f56bfc062723c751e8b465ee728b)
Start importing Assets/Sprits/PNG/Retina/enemy_A.png using Guid(8f5258533259f904db0c3dd520540b9b) Importer(815301076,1909f56bfc062723c751e8b465ee728b)  -> (artifact id: '0acab66ee0529867c5fe4e878ed9fe2b') in 0.074639 seconds 
  Import took 0.086250 seconds .

========================================================================
Received Import Request.
  Time since last request: 0.000830 seconds.
  path: Assets/Sprits/PNG/Retina/star_small.png
  artifactKey: Guid(97af4ad4363d7ce4fab6ce780cb571ee) Importer(815301076,1909f56bfc062723c751e8b465ee728b)
Start importing Assets/Sprits/PNG/Retina/star_small.png using Guid(97af4ad4363d7ce4fab6ce780cb571ee) Importer(815301076,1909f56bfc062723c751e8b465ee728b)  -> (artifact id: '50315bf6147e645a9b3f8bccf6e75d9d') in 0.060868 seconds 
  Import took 0.072430 seconds .

========================================================================
Received Import Request.
  Time since last request: 0.001744 seconds.
  path: Assets/Sprits/PNG/Retina/ship_A.png
  artifactKey: Guid(62830e0d79591574eae7fdd90442953f) Importer(815301076,1909f56bfc062723c751e8b465ee728b)
Start importing Assets/Sprits/PNG/Retina/ship_A.png using Guid(62830e0d79591574eae7fdd90442953f) Importer(815301076,1909f56bfc062723c751e8b465ee728b)  -> (artifact id: 'fb85b5aa73ee7bf31ccbfde89adcbea3') in 0.055918 seconds 
  Import took 0.068683 seconds .

========================================================================
Received Import Request.
  Time since last request: 0.000974 seconds.
  path: Assets/Sprits/PNG/Retina/meteor_detailedLarge.png
  artifactKey: Guid(2ae8aa0f1dfefde4eb541ecb69a58c26) Importer(815301076,1909f56bfc062723c751e8b465ee728b)
Start importing Assets/Sprits/PNG/Retina/meteor_detailedLarge.png using Guid(2ae8aa0f1dfefde4eb541ecb69a58c26) Importer(815301076,1909f56bfc062723c751e8b465ee728b)  -> (artifact id: '16d5aea64453598d6d7a3cc64b242968') in 0.067587 seconds 
  Import took 0.079121 seconds .

========================================================================
Received Import Request.
  Time since last request: 0.001546 seconds.
  path: Assets/Sprits/PNG/Retina/ship_C.png
  artifactKey: Guid(482e9a0bfe111ce42b93b2b1594749d1) Importer(815301076,1909f56bfc062723c751e8b465ee728b)
Start importing Assets/Sprits/PNG/Retina/ship_C.png using Guid(482e9a0bfe111ce42b93b2b1594749d1) Importer(815301076,1909f56bfc062723c751e8b465ee728b)  -> (artifact id: '27bc77da871b416621ef1c31369314bf') in 0.094781 seconds 
  Import took 0.108947 seconds .

========================================================================
Received Import Request.
  Time since last request: 0.001493 seconds.
  path: Assets/Sprits/PNG/Retina/enemy_E.png
  artifactKey: Guid(5da1b46aa1cc1e0488fd0390b202a8a6) Importer(815301076,1909f56bfc062723c751e8b465ee728b)
Start importing Assets/Sprits/PNG/Retina/enemy_E.png using Guid(5da1b46aa1cc1e0488fd0390b202a8a6) Importer(815301076,1909f56bfc062723c751e8b465ee728b)  -> (artifact id: '513866399b9088b26655aa5d2bf6102d') in 0.106867 seconds 
  Import took 0.121309 seconds .

========================================================================
Received Import Request.
  Time since last request: 0.000934 seconds.
  path: Assets/Sprits/PNG/Retina/meteor_squareDetailedLarge.png
  artifactKey: Guid(4ff12f544119a2d4dbbf33c8d1931321) Importer(815301076,1909f56bfc062723c751e8b465ee728b)
Start importing Assets/Sprits/PNG/Retina/meteor_squareDetailedLarge.png using Guid(4ff12f544119a2d4dbbf33c8d1931321) Importer(815301076,1909f56bfc062723c751e8b465ee728b)  -> (artifact id: '3ffc893069631f53f669d9d03c744f99') in 0.090243 seconds 
  Import took 0.102300 seconds .

========================================================================
Received Import Request.
  Time since last request: 0.000828 seconds.
  path: Assets/Sprits/PNG/Retina/icon_plusLarge.png
  artifactKey: Guid(ec615cca4566a9b4aae571a54231d17c) Importer(815301076,1909f56bfc062723c751e8b465ee728b)
Start importing Assets/Sprits/PNG/Retina/icon_plusLarge.png using Guid(ec615cca4566a9b4aae571a54231d17c) Importer(815301076,1909f56bfc062723c751e8b465ee728b)  -> (artifact id: '1ef15963f52526ff3643861036a56471') in 0.072005 seconds 
  Import took 0.083882 seconds .

========================================================================
Received Import Request.
  Time since last request: 0.000968 seconds.
  path: Assets/Sprits/PNG/Retina/star_medium.png
  artifactKey: Guid(9488a5c9e8b27d1418e930a63d26ef4c) Importer(815301076,1909f56bfc062723c751e8b465ee728b)
Start importing Assets/Sprits/PNG/Retina/star_medium.png using Guid(9488a5c9e8b27d1418e930a63d26ef4c) Importer(815301076,1909f56bfc062723c751e8b465ee728b)  -> (artifact id: '289b4a5004c40dee9fee836afe9b0f1e') in 0.071722 seconds 
  Import took 0.085706 seconds .

========================================================================
Received Import Request.
  Time since last request: 0.001031 seconds.
  path: Assets/Sprits/PNG/Retina/meteor_large.png
  artifactKey: Guid(cf88539212e14824bb3e1667facf27b9) Importer(815301076,1909f56bfc062723c751e8b465ee728b)
Start importing Assets/Sprits/PNG/Retina/meteor_large.png using Guid(cf88539212e14824bb3e1667facf27b9) Importer(815301076,1909f56bfc062723c751e8b465ee728b)  -> (artifact id: 'd58a60bfed0450d9ea5485ae9c0fcfad') in 0.069507 seconds 
  Import took 0.089510 seconds .

========================================================================
Received Import Request.
  Time since last request: 0.000847 seconds.
  path: Assets/Sprits/PNG/Retina/enemy_B.png
  artifactKey: Guid(ae8a0e642d004c7459ffb3fb31c1504b) Importer(815301076,1909f56bfc062723c751e8b465ee728b)
Start importing Assets/Sprits/PNG/Retina/enemy_B.png using Guid(ae8a0e642d004c7459ffb3fb31c1504b) Importer(815301076,1909f56bfc062723c751e8b465ee728b)  -> (artifact id: 'a069847c6efc10c155a3ecab4fb6e9fd') in 0.065645 seconds 
  Import took 0.079752 seconds .

========================================================================
Received Import Request.
  Time since last request: 0.001544 seconds.
  path: Assets/Sprits/PNG/Retina/icon_crossSmall.png
  artifactKey: Guid(231fb7b1ed68233459efd8487ccb5627) Importer(815301076,1909f56bfc062723c751e8b465ee728b)
Start importing Assets/Sprits/PNG/Retina/icon_crossSmall.png using Guid(231fb7b1ed68233459efd8487ccb5627) Importer(815301076,1909f56bfc062723c751e8b465ee728b)  -> (artifact id: 'f7e39d2b9027f288cc630daaff16abb6') in 0.067933 seconds 
  Import took 0.080156 seconds .

========================================================================
Received Import Request.
  Time since last request: 0.001345 seconds.
  path: Assets/Sprits/PNG/Retina/star_tiny.png
  artifactKey: Guid(e36bb99391e5614419f3dc1ed7f09e1f) Importer(815301076,1909f56bfc062723c751e8b465ee728b)
Start importing Assets/Sprits/PNG/Retina/star_tiny.png using Guid(e36bb99391e5614419f3dc1ed7f09e1f) Importer(815301076,1909f56bfc062723c751e8b465ee728b)  -> (artifact id: 'bf269b54b345833353c6ac96837f3cd2') in 0.057571 seconds 
  Import took 0.069159 seconds .

========================================================================
Received Import Request.
  Time since last request: 0.001187 seconds.
  path: Assets/Sprits/PNG/Retina/ship_sidesD.png
  artifactKey: Guid(b8157ae5ebf07f34e8d1502e5485f660) Importer(815301076,1909f56bfc062723c751e8b465ee728b)
Start importing Assets/Sprits/PNG/Retina/ship_sidesD.png using Guid(b8157ae5ebf07f34e8d1502e5485f660) Importer(815301076,1909f56bfc062723c751e8b465ee728b)  -> (artifact id: '012c387d6614bd1ba1162ca3c22186a4') in 0.056183 seconds 
  Import took 0.067135 seconds .

========================================================================
Received Import Request.
  Time since last request: 0.000849 seconds.
  path: Assets/Sprits/PNG/Retina/meteor_detailedSmall.png
  artifactKey: Guid(aa08f40be16e69347ad81869cfbae0f4) Importer(815301076,1909f56bfc062723c751e8b465ee728b)
Start importing Assets/Sprits/PNG/Retina/meteor_detailedSmall.png using Guid(aa08f40be16e69347ad81869cfbae0f4) Importer(815301076,1909f56bfc062723c751e8b465ee728b)  -> (artifact id: '761e23a657e2a4252266254100c225ab') in 0.076274 seconds 
  Import took 0.088893 seconds .

========================================================================
Received Import Request.
  Time since last request: 0.000948 seconds.
  path: Assets/Sprits/PNG/Retina/star_large.png
  artifactKey: Guid(b317b02b31d560649ac6ad07e70ac906) Importer(815301076,1909f56bfc062723c751e8b465ee728b)
Start importing Assets/Sprits/PNG/Retina/star_large.png using Guid(b317b02b31d560649ac6ad07e70ac906) Importer(815301076,1909f56bfc062723c751e8b465ee728b)  -> (artifact id: '35ff38d61a1a7e9418c3b7e1064ab212') in 0.066283 seconds 
  Import took 0.086702 seconds .

========================================================================
Received Import Request.
  Time since last request: 0.000879 seconds.
  path: Assets/Sprits/PNG/Retina/satellite_A.png
  artifactKey: Guid(749c273ce95f77541b0e4888bff9851a) Importer(815301076,1909f56bfc062723c751e8b465ee728b)
Start importing Assets/Sprits/PNG/Retina/satellite_A.png using Guid(749c273ce95f77541b0e4888bff9851a) Importer(815301076,1909f56bfc062723c751e8b465ee728b)  -> (artifact id: '4916ce3d3ffb0f5784b1eba7b8a8e299') in 0.062245 seconds 
  Import took 0.074014 seconds .

========================================================================
Received Import Request.
  Time since last request: 0.843494 seconds.
  path: Assets/Sprits/PNG/Retina/station_A.png
  artifactKey: Guid(75c4a7dd811492e49835370949e6ac19) Importer(815301076,1909f56bfc062723c751e8b465ee728b)
Start importing Assets/Sprits/PNG/Retina/station_A.png using Guid(75c4a7dd811492e49835370949e6ac19) Importer(815301076,1909f56bfc062723c751e8b465ee728b)  -> (artifact id: 'e8bcdd265f0d8c00b8c8a16acf97c514') in 0.048332 seconds 
  Import took 0.105021 seconds .

========================================================================
Received Import Request.
  Time since last request: 0.001021 seconds.
  path: Assets/Sprits/PNG/Retina/station_B.png
  artifactKey: Guid(0ccd282d05e629946abe432d3fc8e821) Importer(815301076,1909f56bfc062723c751e8b465ee728b)
Start importing Assets/Sprits/PNG/Retina/station_B.png using Guid(0ccd282d05e629946abe432d3fc8e821) Importer(815301076,1909f56bfc062723c751e8b465ee728b)  -> (artifact id: 'aa4c5416f8eabb2ffff597c2e9612327') in 0.064263 seconds 
  Import took 0.075269 seconds .

========================================================================
Received Import Request.
  Time since last request: 0.000783 seconds.
  path: Assets/Sprits/PNG/Retina/station_C.png
  artifactKey: Guid(e3564464da8b620468de8e5c81097ac8) Importer(815301076,1909f56bfc062723c751e8b465ee728b)
Start importing Assets/Sprits/PNG/Retina/station_C.png using Guid(e3564464da8b620468de8e5c81097ac8) Importer(815301076,1909f56bfc062723c751e8b465ee728b)  -> (artifact id: '1152b006d02a30d42c85df3fa8c985ec') in 0.060041 seconds 
  Import took 0.072835 seconds .

========================================================================
Received Import Request.
  Time since last request: 1377.690444 seconds.
  path: Assets/Scripts
  artifactKey: Guid(f50e4fb932aa1284a86cb4e9cd11e591) Importer(815301076,1909f56bfc062723c751e8b465ee728b)
Start importing Assets/Scripts using Guid(f50e4fb932aa1284a86cb4e9cd11e591) Importer(815301076,1909f56bfc062723c751e8b465ee728b)  -> (artifact id: 'e7476580382a231580b03be5458a5ad7') in 0.113690 seconds 
  Import took 0.188005 seconds .

========================================================================
Received Prepare
Registering precompiled user dll's ...
Registered in 0.082076 seconds.
Begin MonoManager ReloadAssembly
Native extension for WindowsStandalone target not found
Native extension for WebGL target not found
Refreshing native plugins compatible for Editor in 41.79 ms, found 3 plugins.
Preloading 0 native plugins for Editor in 0.00 ms.
Mono: successfully reloaded assembly
- Completed reload, in 10.332 seconds
Platform modules already initialized, skipping
Refreshing native plugins compatible for Editor in 1.84 ms, found 3 plugins.
Preloading 0 native plugins for Editor in 0.00 ms.
Unloading 2080 Unused Serialized files (Serialized files now loaded: 0)
System memory in use before: 96.1 MB.
System memory in use after: 96.1 MB.

Unloading 21 unused Assets to reduce memory usage. Loaded Objects now: 2536.
Total: 72.062700 ms (FindLiveObjects: 1.419900 ms CreateObjectMapping: 0.514800 ms MarkObjects: 69.410500 ms  DeleteObjects: 0.709800 ms)

AssetImportParameters requested are different than current active one (requested -> active):
  custom:framework-win-MediaFoundation: 216162199b28c13a410421893ffa2e32 -> 
  custom:video-decoder-ogg-theora: a1e56fd34408186e4bbccfd4996cb3dc -> 
  custom:container-muxer-webm: aa71ff27fc2769a1b78a27578f13a17b -> 
  custom:container-demuxer-webm: 4f35f7cbe854078d1ac9338744f61a02 -> 
  custom:container-demuxer-ogg: 62fdf1f143b41e24485cea50d1cbac27 -> 
  custom:video-encoder-webm-vp8: eb34c28f22e8b96e1ab97ce403110664 -> 
  custom:video-codec-MediaFoundation-h265: 746d11721c4dcdbdad8f713fa42b33f4 -> 
  custom:video-decoder-webm-vp8: 9c59270c3fd7afecdb556c50c9e8de78 -> 
  custom:audio-decoder-ogg-vorbis: bf7c407c2cedff20999df2af8eb42d56 -> 
  custom:audio-encoder-webm-vorbis: bf7c407c2cedff20999df2af8eb42d56 -> 
========================================================================
Received Prepare
Registering precompiled user dll's ...
Registered in 0.137349 seconds.
Begin MonoManager ReloadAssembly
Native extension for WindowsStandalone target not found
Native extension for WebGL target not found
Refreshing native plugins compatible for Editor in 1.78 ms, found 3 plugins.
Preloading 0 native plugins for Editor in 0.00 ms.
Mono: successfully reloaded assembly
- Completed reload, in  5.545 seconds
Platform modules already initialized, skipping
Refreshing native plugins compatible for Editor in 3.33 ms, found 3 plugins.
Preloading 0 native plugins for Editor in 0.00 ms.
Unloading 2080 Unused Serialized files (Serialized files now loaded: 0)
System memory in use before: 96.2 MB.
System memory in use after: 96.2 MB.

Unloading 21 unused Assets to reduce memory usage. Loaded Objects now: 2540.
Total: 9.596700 ms (FindLiveObjects: 0.831900 ms CreateObjectMapping: 0.243600 ms MarkObjects: 8.120200 ms  DeleteObjects: 0.395100 ms)

AssetImportParameters requested are different than current active one (requested -> active):
  custom:framework-win-MediaFoundation: 216162199b28c13a410421893ffa2e32 -> 
  custom:video-decoder-ogg-theora: a1e56fd34408186e4bbccfd4996cb3dc -> 
  custom:container-muxer-webm: aa71ff27fc2769a1b78a27578f13a17b -> 
  custom:container-demuxer-webm: 4f35f7cbe854078d1ac9338744f61a02 -> 
  custom:container-demuxer-ogg: 62fdf1f143b41e24485cea50d1cbac27 -> 
  custom:video-encoder-webm-vp8: eb34c28f22e8b96e1ab97ce403110664 -> 
  custom:video-codec-MediaFoundation-h265: 746d11721c4dcdbdad8f713fa42b33f4 -> 
  custom:video-decoder-webm-vp8: 9c59270c3fd7afecdb556c50c9e8de78 -> 
  custom:audio-decoder-ogg-vorbis: bf7c407c2cedff20999df2af8eb42d56 -> 
  custom:audio-encoder-webm-vorbis: bf7c407c2cedff20999df2af8eb42d56 -> 
AssetImportWorkerClient::OnTransportError - code=2 error=End of file
